#UCSIZE
8.89    8.89    8.89
#CELLVECTORS
1.00    0.00    0.00
0.00    1.00    0.00
0.00    0.00    0.00
#ATOMINFO
64    3
0    0.000    0.000    0.000    0    0    0
1    0.250    0.000    0.000    2    0    0
2    0.500    0.000    0.000    1    0    0
3    0.750    0.000    0.000    2    0    0
4    0.000    0.000    0.250    2    0    0
5    0.250    0.000    0.250    1    0    0
6    0.500    0.000    0.250    2    0    0
7    0.750    0.000    0.250    0    0    0
8    0.000    0.000    0.500    1    0    0
9    0.250    0.000    0.500    2    0    0
10    0.500    0.000    0.500    0    0    0
11    0.750    0.000    0.500    2    0    0
12    0.000    0.000    0.750    2    0    0
13    0.250    0.000    0.750    0    0    0
14    0.500    0.000    0.750    2    0    0
15    0.750    0.000    0.750    1    0    0
16    0.000    0.250    0.000    2    0    0
17    0.250    0.250    0.000    1    0    0
18    0.500    0.250    0.000    2    0    0
19    0.750    0.250    0.000    0    0    0
20    0.000    0.250    0.250    1    0    0
21    0.250    0.250    0.250    2    0    0
22    0.500    0.250    0.250    0    0    0
23    0.750    0.250    0.250    2    0    0
24    0.000    0.250    0.500    2    0    0
25    0.250    0.250    0.500    0    0    0
26    0.500    0.250    0.500    2    0    0
27    0.750    0.250    0.500    1    0    0
28    0.000    0.250    0.750    0    0    0
29    0.250    0.250    0.750    2    0    0
30    0.500    0.250    0.750    1    0    0
31    0.750    0.250    0.750    2    0    0
32    0.000    0.500    0.000    1    0    0
33    0.250    0.500    0.000    2    0    0
34    0.500    0.500    0.000    0    0    0
35    0.750    0.500    0.000    2    0    0
36    0.000    0.500    0.250    2    0    0
37    0.250    0.500    0.250    0    0    0
38    0.500    0.500    0.250    2    0    0
39    0.750    0.500    0.250    1    0    0
40    0.000    0.500    0.500    0    0    0
41    0.250    0.500    0.500    2    0    0
42    0.500    0.500    0.500    1    0    0
43    0.750    0.500    0.500    2    0    0
44    0.000    0.500    0.750    2    0    0
45    0.250    0.500    0.750    1    0    0
46    0.500    0.500    0.750    2    0    0
47    0.750    0.500    0.750    0    0    0
48    0.000    0.750    0.000    2    0    0
49    0.250    0.750    0.000    0    0    0
50    0.500    0.750    0.000    2    0    0
51    0.750    0.750    0.000    1    0    0
52    0.000    0.750    0.250    0    0    0
53    0.250    0.750    0.250    2    0    0
54    0.500    0.750    0.250    1    0    0
55    0.750    0.750    0.250    2    0    0
56    0.000    0.750    0.500    2    0    0
57    0.250    0.750    0.500    1    0    0
58    0.500    0.750    0.500    2    0    0
59    0.750    0.750    0.500    0    0    0
60    0.000    0.750    0.750    1    0    0
61    0.250    0.750    0.750    2    0    0
62    0.500    0.750    0.750    0    0    0
63    0.750    0.750    0.750    2    0    0
#INTERACTION_LIST
1728    normalised-isotropic
 0     0    2    0    0    0    1.00000000
 1     0    5    0    0    0    0.78000000
 2     0    8    0    0    0    1.00000000
 3     0    10    0    0    0    1.00000000
 4     0    17    0    0    0    0.78000000
 5     0    20    0    0    0    0.78000000
 6     0    22    0    0    0    0.02500000
 7     0    25    0    0    0    0.02500000
 8     0    32    0    0    0    1.00000000
 9     0    34    0    0    0    1.00000000
10     0    37    0    0    0    0.02500000
11     0    40    0    0    0    1.00000000
12     2    0    0    0    0    1.00000000
13     2    5    0    0    0    1.00000000
14     2    7    0    0    0    0.78000000
15     2    8    0    0    0    1.00000000
16     2    10    0    0    0    1.00000000
17     2    17    0    0    0    1.00000000
18     2    19    0    0    0    0.78000000
19     2    20    0    0    0    0.02500000
20     2    22    0    0    0    0.78000000
21     2    25    0    0    0    0.01870000
22     2    27    0    0    0    0.02500000
23     2    32    0    0    0    1.00000000
24     2    34    0    0    0    1.00000000
25     2    37    0    0    0    0.01870000
26     2    39    0    0    0    0.02500000
27     2    42    0    0    0    1.00000000
28     5    0    0    0    0    0.78000000
29     5    2    0    0    0    1.00000000
30     5    7    0    0    0    1.00000000
31     5    8    0    0    0    1.00000000
32     5    10    0    0    0    0.78000000
33     5    13    0    0    0    1.00000000
34     5    15    0    0    0    1.00000000
35     5    17    0    0    0    1.00000000
36     5    19    0    0    0    0.01870000
37     5    20    0    0    0    1.00000000
38     5    22    0    0    0    0.78000000
39     5    25    0    0    0    0.78000000
40     5    27    0    0    0    0.02500000
41     5    28    0    0    0    0.01870000
42     5    30    0    0    0    0.02500000
43     5    32    0    0    0    0.02500000
44     5    34    0    0    0    0.01870000
45     5    37    0    0    0    1.00000000
46     5    39    0    0    0    1.00000000
47     5    40    0    0    0    0.01870000
48     5    42    0    0    0    0.02500000
49     5    45    0    0    0    1.00000000
50     7    2    0    0    0    0.78000000
51     7    5    0    0    0    1.00000000
52     7    10    0    0    0    1.00000000
53     7    13    0    0    0    1.00000000
54     7    15    0    0    0    1.00000000
55     7    17    0    0    0    0.01870000
56     7    19    0    0    0    1.00000000
57     7    22    0    0    0    1.00000000
58     7    25    0    0    0    0.02500000
59     7    27    0    0    0    0.78000000
60     7    30    0    0    0    0.01870000
61     7    34    0    0    0    0.02500000
62     7    37    0    0    0    1.00000000
63     7    39    0    0    0    1.00000000
64     7    42    0    0    0    0.01870000
65     7    47    0    0    0    1.00000000
66     8    0    0    0    0    1.00000000
67     8    2    0    0    0    1.00000000
68     8    5    0    0    0    1.00000000
69     8    10    0    0    0    1.00000000
70     8    13    0    0    0    0.78000000
71     8    17    0    0    0    0.02500000
72     8    20    0    0    0    1.00000000
73     8    22    0    0    0    0.01870000
74     8    25    0    0    0    0.78000000
75     8    28    0    0    0    0.78000000
76     8    30    0    0    0    0.02500000
77     8    32    0    0    0    1.00000000
78     8    37    0    0    0    0.01870000
79     8    40    0    0    0    1.00000000
80     8    42    0    0    0    1.00000000
81     8    45    0    0    0    0.02500000
82     10    0    0    0    0    1.00000000
83     10    2    0    0    0    1.00000000
84     10    5    0    0    0    0.78000000
85     10    7    0    0    0    1.00000000
86     10    8    0    0    0    1.00000000
87     10    13    0    0    0    1.00000000
88     10    15    0    0    0    0.78000000
89     10    17    0    0    0    0.01870000
90     10    19    0    0    0    0.02500000
91     10    20    0    0    0    0.01870000
92     10    22    0    0    0    1.00000000
93     10    25    0    0    0    1.00000000
94     10    27    0    0    0    0.78000000
95     10    28    0    0    0    0.02500000
96     10    30    0    0    0    0.78000000
97     10    34    0    0    0    1.00000000
98     10    37    0    0    0    0.02500000
99     10    39    0    0    0    0.01870000
100     10    40    0    0    0    1.00000000
101     10    42    0    0    0    1.00000000
102     10    45    0    0    0    0.01870000
103     10    47    0    0    0    0.02500000
104     13    5    0    0    0    1.00000000
105     13    7    0    0    0    1.00000000
106     13    8    0    0    0    0.78000000
107     13    10    0    0    0    1.00000000
108     13    15    0    0    0    1.00000000
109     13    20    0    0    0    0.01870000
110     13    22    0    0    0    0.02500000
111     13    25    0    0    0    1.00000000
112     13    27    0    0    0    0.01870000
113     13    28    0    0    0    1.00000000
114     13    30    0    0    0    0.78000000
115     13    37    0    0    0    1.00000000
116     13    40    0    0    0    0.02500000
117     13    42    0    0    0    0.01870000
118     13    45    0    0    0    1.00000000
119     13    47    0    0    0    1.00000000
120     15    5    0    0    0    1.00000000
121     15    7    0    0    0    1.00000000
122     15    10    0    0    0    0.78000000
123     15    13    0    0    0    1.00000000
124     15    22    0    0    0    0.01870000
125     15    25    0    0    0    0.01870000
126     15    27    0    0    0    1.00000000
127     15    30    0    0    0    1.00000000
128     15    39    0    0    0    1.00000000
129     15    42    0    0    0    0.02500000
130     15    45    0    0    0    1.00000000
131     15    47    0    0    0    1.00000000
132     17    0    0    0    0    0.78000000
133     17    2    0    0    0    1.00000000
134     17    5    0    0    0    1.00000000
135     17    7    0    0    0    0.01870000
136     17    8    0    0    0    0.02500000
137     17    10    0    0    0    0.01870000
138     17    19    0    0    0    1.00000000
139     17    20    0    0    0    1.00000000
140     17    22    0    0    0    0.78000000
141     17    25    0    0    0    1.00000000
142     17    27    0    0    0    1.00000000
143     17    32    0    0    0    1.00000000
144     17    34    0    0    0    0.78000000
145     17    37    0    0    0    0.78000000
146     17    39    0    0    0    0.02500000
147     17    40    0    0    0    0.01870000
148     17    42    0    0    0    0.02500000
149     17    49    0    0    0    1.00000000
150     17    51    0    0    0    1.00000000
151     17    52    0    0    0    0.01870000
152     17    54    0    0    0    0.02500000
153     17    57    0    0    0    1.00000000
154     19    2    0    0    0    0.78000000
155     19    5    0    0    0    0.01870000
156     19    7    0    0    0    1.00000000
157     19    10    0    0    0    0.02500000
158     19    17    0    0    0    1.00000000
159     19    22    0    0    0    1.00000000
160     19    25    0    0    0    1.00000000
161     19    27    0    0    0    1.00000000
162     19    34    0    0    0    1.00000000
163     19    37    0    0    0    0.02500000
164     19    39    0    0    0    0.78000000
165     19    42    0    0    0    0.01870000
166     19    49    0    0    0    1.00000000
167     19    51    0    0    0    1.00000000
168     19    54    0    0    0    0.01870000
169     19    59    0    0    0    1.00000000
170     20    0    0    0    0    0.78000000
171     20    2    0    0    0    0.02500000
172     20    5    0    0    0    1.00000000
173     20    8    0    0    0    1.00000000
174     20    10    0    0    0    0.01870000
175     20    13    0    0    0    0.01870000
176     20    17    0    0    0    1.00000000
177     20    22    0    0    0    1.00000000
178     20    25    0    0    0    0.78000000
179     20    28    0    0    0    1.00000000
180     20    30    0    0    0    1.00000000
181     20    32    0    0    0    1.00000000
182     20    34    0    0    0    0.01870000
183     20    37    0    0    0    0.78000000
184     20    40    0    0    0    0.78000000
185     20    42    0    0    0    0.02500000
186     20    45    0    0    0    0.02500000
187     20    49    0    0    0    0.01870000
188     20    52    0    0    0    1.00000000
189     20    54    0    0    0    1.00000000
190     20    57    0    0    0    0.02500000
191     20    60    0    0    0    1.00000000
192     22    0    0    0    0    0.02500000
193     22    2    0    0    0    0.78000000
194     22    5    0    0    0    0.78000000
195     22    7    0    0    0    1.00000000
196     22    8    0    0    0    0.01870000
197     22    10    0    0    0    1.00000000
198     22    13    0    0    0    0.02500000
199     22    15    0    0    0    0.01870000
200     22    17    0    0    0    0.78000000
201     22    19    0    0    0    1.00000000
202     22    20    0    0    0    1.00000000
203     22    25    0    0    0    1.00000000
204     22    27    0    0    0    0.78000000
205     22    28    0    0    0    1.00000000
206     22    30    0    0    0    1.00000000
207     22    32    0    0    0    0.01870000
208     22    34    0    0    0    1.00000000
209     22    37    0    0    0    1.00000000
210     22    39    0    0    0    0.78000000
211     22    40    0    0    0    0.02500000
212     22    42    0    0    0    0.78000000
213     22    45    0    0    0    0.01870000
214     22    47    0    0    0    0.02500000
215     22    49    0    0    0    0.02500000
216     22    51    0    0    0    0.01870000
217     22    52    0    0    0    1.00000000
218     22    54    0    0    0    1.00000000
219     22    57    0    0    0    0.01870000
220     22    59    0    0    0    0.02500000
221     22    62    0    0    0    1.00000000
222     25    0    0    0    0    0.02500000
223     25    2    0    0    0    0.01870000
224     25    5    0    0    0    0.78000000
225     25    7    0    0    0    0.02500000
226     25    8    0    0    0    0.78000000
227     25    10    0    0    0    1.00000000
228     25    13    0    0    0    1.00000000
229     25    15    0    0    0    0.01870000
230     25    17    0    0    0    1.00000000
231     25    19    0    0    0    1.00000000
232     25    20    0    0    0    0.78000000
233     25    22    0    0    0    1.00000000
234     25    27    0    0    0    1.00000000
235     25    28    0    0    0    1.00000000
236     25    30    0    0    0    0.78000000
237     25    32    0    0    0    0.01870000
238     25    34    0    0    0    0.02500000
239     25    37    0    0    0    1.00000000
240     25    39    0    0    0    0.01870000
241     25    40    0    0    0    1.00000000
242     25    42    0    0    0    0.78000000
243     25    45    0    0    0    0.78000000
244     25    47    0    0    0    0.02500000
245     25    49    0    0    0    1.00000000
246     25    52    0    0    0    0.02500000
247     25    54    0    0    0    0.01870000
248     25    57    0    0    0    1.00000000
249     25    59    0    0    0    1.00000000
250     25    60    0    0    0    0.01870000
251     25    62    0    0    0    0.02500000
252     27    2    0    0    0    0.02500000
253     27    5    0    0    0    0.02500000
254     27    7    0    0    0    0.78000000
255     27    10    0    0    0    0.78000000
256     27    13    0    0    0    0.01870000
257     27    15    0    0    0    1.00000000
258     27    17    0    0    0    1.00000000
259     27    19    0    0    0    1.00000000
260     27    22    0    0    0    0.78000000
261     27    25    0    0    0    1.00000000
262     27    30    0    0    0    1.00000000
263     27    34    0    0    0    0.01870000
264     27    37    0    0    0    0.01870000
265     27    39    0    0    0    1.00000000
266     27    42    0    0    0    1.00000000
267     27    45    0    0    0    0.02500000
268     27    47    0    0    0    0.78000000
269     27    51    0    0    0    1.00000000
270     27    54    0    0    0    0.02500000
271     27    57    0    0    0    1.00000000
272     27    59    0    0    0    1.00000000
273     27    62    0    0    0    0.01870000
274     28    5    0    0    0    0.01870000
275     28    8    0    0    0    0.78000000
276     28    10    0    0    0    0.02500000
277     28    13    0    0    0    1.00000000
278     28    20    0    0    0    1.00000000
279     28    22    0    0    0    1.00000000
280     28    25    0    0    0    1.00000000
281     28    30    0    0    0    1.00000000
282     28    37    0    0    0    0.02500000
283     28    40    0    0    0    1.00000000
284     28    42    0    0    0    0.01870000
285     28    45    0    0    0    0.78000000
286     28    52    0    0    0    1.00000000
287     28    57    0    0    0    0.01870000
288     28    60    0    0    0    1.00000000
289     28    62    0    0    0    1.00000000
290     30    5    0    0    0    0.02500000
291     30    7    0    0    0    0.01870000
292     30    8    0    0    0    0.02500000
293     30    10    0    0    0    0.78000000
294     30    13    0    0    0    0.78000000
295     30    15    0    0    0    1.00000000
296     30    20    0    0    0    1.00000000
297     30    22    0    0    0    1.00000000
298     30    25    0    0    0    0.78000000
299     30    27    0    0    0    1.00000000
300     30    28    0    0    0    1.00000000
301     30    37    0    0    0    0.01870000
302     30    39    0    0    0    0.02500000
303     30    40    0    0    0    0.01870000
304     30    42    0    0    0    1.00000000
305     30    45    0    0    0    1.00000000
306     30    47    0    0    0    0.78000000
307     30    54    0    0    0    1.00000000
308     30    57    0    0    0    0.02500000
309     30    59    0    0    0    0.01870000
310     30    60    0    0    0    1.00000000
311     30    62    0    0    0    1.00000000
312     32    0    0    0    0    1.00000000
313     32    2    0    0    0    1.00000000
314     32    5    0    0    0    0.02500000
315     32    8    0    0    0    1.00000000
316     32    17    0    0    0    1.00000000
317     32    20    0    0    0    1.00000000
318     32    22    0    0    0    0.01870000
319     32    25    0    0    0    0.01870000
320     32    34    0    0    0    1.00000000
321     32    37    0    0    0    0.78000000
322     32    40    0    0    0    1.00000000
323     32    42    0    0    0    1.00000000
324     32    49    0    0    0    0.78000000
325     32    52    0    0    0    0.78000000
326     32    54    0    0    0    0.02500000
327     32    57    0    0    0    0.02500000
328     34    0    0    0    0    1.00000000
329     34    2    0    0    0    1.00000000
330     34    5    0    0    0    0.01870000
331     34    7    0    0    0    0.02500000
332     34    10    0    0    0    1.00000000
333     34    17    0    0    0    0.78000000
334     34    19    0    0    0    1.00000000
335     34    20    0    0    0    0.01870000
336     34    22    0    0    0    1.00000000
337     34    25    0    0    0    0.02500000
338     34    27    0    0    0    0.01870000
339     34    32    0    0    0    1.00000000
340     34    37    0    0    0    1.00000000
341     34    39    0    0    0    0.78000000
342     34    40    0    0    0    1.00000000
343     34    42    0    0    0    1.00000000
344     34    49    0    0    0    1.00000000
345     34    51    0    0    0    0.78000000
346     34    52    0    0    0    0.02500000
347     34    54    0    0    0    0.78000000
348     34    57    0    0    0    0.01870000
349     34    59    0    0    0    0.02500000
350     37    0    0    0    0    0.02500000
351     37    2    0    0    0    0.01870000
352     37    5    0    0    0    1.00000000
353     37    7    0    0    0    1.00000000
354     37    8    0    0    0    0.01870000
355     37    10    0    0    0    0.02500000
356     37    13    0    0    0    1.00000000
357     37    17    0    0    0    0.78000000
358     37    19    0    0    0    0.02500000
359     37    20    0    0    0    0.78000000
360     37    22    0    0    0    1.00000000
361     37    25    0    0    0    1.00000000
362     37    27    0    0    0    0.01870000
363     37    28    0    0    0    0.02500000
364     37    30    0    0    0    0.01870000
365     37    32    0    0    0    0.78000000
366     37    34    0    0    0    1.00000000
367     37    39    0    0    0    1.00000000
368     37    40    0    0    0    1.00000000
369     37    42    0    0    0    0.78000000
370     37    45    0    0    0    1.00000000
371     37    47    0    0    0    1.00000000
372     37    49    0    0    0    1.00000000
373     37    51    0    0    0    0.01870000
374     37    52    0    0    0    1.00000000
375     37    54    0    0    0    0.78000000
376     37    57    0    0    0    0.78000000
377     37    59    0    0    0    0.02500000
378     37    60    0    0    0    0.01870000
379     37    62    0    0    0    0.02500000
380     39    2    0    0    0    0.02500000
381     39    5    0    0    0    1.00000000
382     39    7    0    0    0    1.00000000
383     39    10    0    0    0    0.01870000
384     39    15    0    0    0    1.00000000
385     39    17    0    0    0    0.02500000
386     39    19    0    0    0    0.78000000
387     39    22    0    0    0    0.78000000
388     39    25    0    0    0    0.01870000
389     39    27    0    0    0    1.00000000
390     39    30    0    0    0    0.02500000
391     39    34    0    0    0    0.78000000
392     39    37    0    0    0    1.00000000
393     39    42    0    0    0    1.00000000
394     39    45    0    0    0    1.00000000
395     39    47    0    0    0    1.00000000
396     39    49    0    0    0    0.01870000
397     39    51    0    0    0    1.00000000
398     39    54    0    0    0    1.00000000
399     39    57    0    0    0    0.02500000
400     39    59    0    0    0    0.78000000
401     39    62    0    0    0    0.01870000
402     40    0    0    0    0    1.00000000
403     40    5    0    0    0    0.01870000
404     40    8    0    0    0    1.00000000
405     40    10    0    0    0    1.00000000
406     40    13    0    0    0    0.02500000
407     40    17    0    0    0    0.01870000
408     40    20    0    0    0    0.78000000
409     40    22    0    0    0    0.02500000
410     40    25    0    0    0    1.00000000
411     40    28    0    0    0    1.00000000
412     40    30    0    0    0    0.01870000
413     40    32    0    0    0    1.00000000
414     40    34    0    0    0    1.00000000
415     40    37    0    0    0    1.00000000
416     40    42    0    0    0    1.00000000
417     40    45    0    0    0    0.78000000
418     40    49    0    0    0    0.02500000
419     40    52    0    0    0    1.00000000
420     40    54    0    0    0    0.01870000
421     40    57    0    0    0    0.78000000
422     40    60    0    0    0    0.78000000
423     40    62    0    0    0    0.02500000
424     42    2    0    0    0    1.00000000
425     42    5    0    0    0    0.02500000
426     42    7    0    0    0    0.01870000
427     42    8    0    0    0    1.00000000
428     42    10    0    0    0    1.00000000
429     42    13    0    0    0    0.01870000
430     42    15    0    0    0    0.02500000
431     42    17    0    0    0    0.02500000
432     42    19    0    0    0    0.01870000
433     42    20    0    0    0    0.02500000
434     42    22    0    0    0    0.78000000
435     42    25    0    0    0    0.78000000
436     42    27    0    0    0    1.00000000
437     42    28    0    0    0    0.01870000
438     42    30    0    0    0    1.00000000
439     42    32    0    0    0    1.00000000
440     42    34    0    0    0    1.00000000
441     42    37    0    0    0    0.78000000
442     42    39    0    0    0    1.00000000
443     42    40    0    0    0    1.00000000
444     42    45    0    0    0    1.00000000
445     42    47    0    0    0    0.78000000
446     42    49    0    0    0    0.01870000
447     42    51    0    0    0    0.02500000
448     42    52    0    0    0    0.01870000
449     42    54    0    0    0    1.00000000
450     42    57    0    0    0    1.00000000
451     42    59    0    0    0    0.78000000
452     42    60    0    0    0    0.02500000
453     42    62    0    0    0    0.78000000
454     45    5    0    0    0    1.00000000
455     45    8    0    0    0    0.02500000
456     45    10    0    0    0    0.01870000
457     45    13    0    0    0    1.00000000
458     45    15    0    0    0    1.00000000
459     45    20    0    0    0    0.02500000
460     45    22    0    0    0    0.01870000
461     45    25    0    0    0    0.78000000
462     45    27    0    0    0    0.02500000
463     45    28    0    0    0    0.78000000
464     45    30    0    0    0    1.00000000
465     45    37    0    0    0    1.00000000
466     45    39    0    0    0    1.00000000
467     45    40    0    0    0    0.78000000
468     45    42    0    0    0    1.00000000
469     45    47    0    0    0    1.00000000
470     45    52    0    0    0    0.01870000
471     45    54    0    0    0    0.02500000
472     45    57    0    0    0    1.00000000
473     45    59    0    0    0    0.01870000
474     45    60    0    0    0    1.00000000
475     45    62    0    0    0    0.78000000
476     47    7    0    0    0    1.00000000
477     47    10    0    0    0    0.02500000
478     47    13    0    0    0    1.00000000
479     47    15    0    0    0    1.00000000
480     47    22    0    0    0    0.02500000
481     47    25    0    0    0    0.02500000
482     47    27    0    0    0    0.78000000
483     47    30    0    0    0    0.78000000
484     47    37    0    0    0    1.00000000
485     47    39    0    0    0    1.00000000
486     47    42    0    0    0    0.78000000
487     47    45    0    0    0    1.00000000
488     47    54    0    0    0    0.01870000
489     47    57    0    0    0    0.01870000
490     47    59    0    0    0    1.00000000
491     47    62    0    0    0    1.00000000
492     49    17    0    0    0    1.00000000
493     49    19    0    0    0    1.00000000
494     49    20    0    0    0    0.01870000
495     49    22    0    0    0    0.02500000
496     49    25    0    0    0    1.00000000
497     49    32    0    0    0    0.78000000
498     49    34    0    0    0    1.00000000
499     49    37    0    0    0    1.00000000
500     49    39    0    0    0    0.01870000
501     49    40    0    0    0    0.02500000
502     49    42    0    0    0    0.01870000
503     49    51    0    0    0    1.00000000
504     49    52    0    0    0    1.00000000
505     49    54    0    0    0    0.78000000
506     49    57    0    0    0    1.00000000
507     49    59    0    0    0    1.00000000
508     51    17    0    0    0    1.00000000
509     51    19    0    0    0    1.00000000
510     51    22    0    0    0    0.01870000
511     51    27    0    0    0    1.00000000
512     51    34    0    0    0    0.78000000
513     51    37    0    0    0    0.01870000
514     51    39    0    0    0    1.00000000
515     51    42    0    0    0    0.02500000
516     51    49    0    0    0    1.00000000
517     51    54    0    0    0    1.00000000
518     51    57    0    0    0    1.00000000
519     51    59    0    0    0    1.00000000
520     52    17    0    0    0    0.01870000
521     52    20    0    0    0    1.00000000
522     52    22    0    0    0    1.00000000
523     52    25    0    0    0    0.02500000
524     52    28    0    0    0    1.00000000
525     52    32    0    0    0    0.78000000
526     52    34    0    0    0    0.02500000
527     52    37    0    0    0    1.00000000
528     52    40    0    0    0    1.00000000
529     52    42    0    0    0    0.01870000
530     52    45    0    0    0    0.01870000
531     52    49    0    0    0    1.00000000
532     52    54    0    0    0    1.00000000
533     52    57    0    0    0    0.78000000
534     52    60    0    0    0    1.00000000
535     52    62    0    0    0    1.00000000
536     54    17    0    0    0    0.02500000
537     54    19    0    0    0    0.01870000
538     54    20    0    0    0    1.00000000
539     54    22    0    0    0    1.00000000
540     54    25    0    0    0    0.01870000
541     54    27    0    0    0    0.02500000
542     54    30    0    0    0    1.00000000
543     54    32    0    0    0    0.02500000
544     54    34    0    0    0    0.78000000
545     54    37    0    0    0    0.78000000
546     54    39    0    0    0    1.00000000
547     54    40    0    0    0    0.01870000
548     54    42    0    0    0    1.00000000
549     54    45    0    0    0    0.02500000
550     54    47    0    0    0    0.01870000
551     54    49    0    0    0    0.78000000
552     54    51    0    0    0    1.00000000
553     54    52    0    0    0    1.00000000
554     54    57    0    0    0    1.00000000
555     54    59    0    0    0    0.78000000
556     54    60    0    0    0    1.00000000
557     54    62    0    0    0    1.00000000
558     57    17    0    0    0    1.00000000
559     57    20    0    0    0    0.02500000
560     57    22    0    0    0    0.01870000
561     57    25    0    0    0    1.00000000
562     57    27    0    0    0    1.00000000
563     57    28    0    0    0    0.01870000
564     57    30    0    0    0    0.02500000
565     57    32    0    0    0    0.02500000
566     57    34    0    0    0    0.01870000
567     57    37    0    0    0    0.78000000
568     57    39    0    0    0    0.02500000
569     57    40    0    0    0    0.78000000
570     57    42    0    0    0    1.00000000
571     57    45    0    0    0    1.00000000
572     57    47    0    0    0    0.01870000
573     57    49    0    0    0    1.00000000
574     57    51    0    0    0    1.00000000
575     57    52    0    0    0    0.78000000
576     57    54    0    0    0    1.00000000
577     57    59    0    0    0    1.00000000
578     57    60    0    0    0    1.00000000
579     57    62    0    0    0    0.78000000
580     59    19    0    0    0    1.00000000
581     59    22    0    0    0    0.02500000
582     59    25    0    0    0    1.00000000
583     59    27    0    0    0    1.00000000
584     59    30    0    0    0    0.01870000
585     59    34    0    0    0    0.02500000
586     59    37    0    0    0    0.02500000
587     59    39    0    0    0    0.78000000
588     59    42    0    0    0    0.78000000
589     59    45    0    0    0    0.01870000
590     59    47    0    0    0    1.00000000
591     59    49    0    0    0    1.00000000
592     59    51    0    0    0    1.00000000
593     59    54    0    0    0    0.78000000
594     59    57    0    0    0    1.00000000
595     59    62    0    0    0    1.00000000
596     60    20    0    0    0    1.00000000
597     60    25    0    0    0    0.01870000
598     60    28    0    0    0    1.00000000
599     60    30    0    0    0    1.00000000
600     60    37    0    0    0    0.01870000
601     60    40    0    0    0    0.78000000
602     60    42    0    0    0    0.02500000
603     60    45    0    0    0    1.00000000
604     60    52    0    0    0    1.00000000
605     60    54    0    0    0    1.00000000
606     60    57    0    0    0    1.00000000
607     60    62    0    0    0    1.00000000
608     62    22    0    0    0    1.00000000
609     62    25    0    0    0    0.02500000
610     62    27    0    0    0    0.01870000
611     62    28    0    0    0    1.00000000
612     62    30    0    0    0    1.00000000
613     62    37    0    0    0    0.02500000
614     62    39    0    0    0    0.01870000
615     62    40    0    0    0    0.02500000
616     62    42    0    0    0    0.78000000
617     62    45    0    0    0    0.78000000
618     62    47    0    0    0    1.00000000
619     62    52    0    0    0    1.00000000
620     62    54    0    0    0    1.00000000
621     62    57    0    0    0    0.78000000
622     62    59    0    0    0    1.00000000
623     62    60    0    0    0    1.00000000
 624     8    0    0    0    1    1.00000000
 625     8    2    0    0    1    1.00000000
 626     8    17    0    0    1    0.02500000
 627     8    32    0    0    1    1.00000000
 628     10    0    0    0    1    1.00000000
 629     10    2    0    0    1    1.00000000
 630     10    17    0    0    1    0.01870000
 631     10    19    0    0    1    0.02500000
 632     10    34    0    0    1    1.00000000
 633     13    0    0    0    1    1.00000000
634   13    2    0    0    1   0.78000000
635   13    5    0    0    1   1.00000000
636   13    7    0    0    1   1.00000000
637   13    17    0    0    1   0.78000000
638   13    19    0    0    1   0.02500000
639   13    20    0    0    1   0.01870000
640   13    22    0    0    1   0.02500000
641   13    32    0    0    1   0.01870000
642   13    34    0    0    1   0.02500000
643   13    37    0    0    1   1.00000000
644   15    2    0    0    1   1.00000000
645   15    5    0    0    1   1.00000000
646   15    7    0    0    1   1.00000000
647   15    17    0    0    1   0.02500000
648   15    19    0    0    1   0.78000000
649   15    22    0    0    1   0.01870000
650   15    34    0    0    1   0.01870000
651   15    39    0    0    1   1.00000000
652   25    0    0    0    1   0.02500000
653   25    2    0    0    1   0.01870000
654   25    17    0    0    1   1.00000000
655   25    19    0    0    1   1.00000000
656   25    32    0    0    1   0.01870000
657   25    34    0    0    1   0.02500000
658   25    49    0    0    1   1.00000000
659   27    2    0    0    1   0.02500000
660   27    17    0    0    1   1.00000000
661   27    19    0    0    1   1.00000000
662   27    34    0    0    1   0.01870000
663   27    51    0    0    1   1.00000000
664   28    0    0    0    1   1.00000000
665   28    2    0    0    1   0.01870000
666   28    5    0    0    1   0.01870000
667   28    17    0    0    1   0.78000000
668   28    20    0    0    1   1.00000000
669   28    22    0    0    1   1.00000000
670   28    32    0    0    1   0.78000000
671   28    34    0    0    1   0.02500000
672   28    37    0    0    1   0.02500000
673   28    49    0    0    1   0.02500000
674   28    52    0    0    1   1.00000000
675   30    0    0    0    1   0.01870000
676   30    2    0    0    1   1.00000000
677   30    5    0    0    1   0.02500000
678   30    7    0    0    1   0.01870000
679   30    17    0    0    1   1.00000000
680   30    19    0    0    1   0.78000000
681   30    20    0    0    1   1.00000000
682   30    22    0    0    1   1.00000000
683   30    32    0    0    1   0.02500000
684   30    34    0    0    1   0.78000000
685   30    37    0    0    1   0.01870000
686   30    39    0    0    1   0.02500000
687   30    49    0    0    1   0.01870000
688   30    51    0    0    1   0.02500000
689   30    54    0    0    1   1.00000000
690   40    0    0    0    1   1.00000000
691   40    17    0    0    1   0.01870000
692   40    32    0    0    1   1.00000000
693   40    34    0    0    1   1.00000000
694   40    49    0    0    1   0.02500000
695   42    2    0    0    1   1.00000000
696   42    17    0    0    1   0.02500000
697   42    19    0    0    1   0.01870000
698   42    32    0    0    1   1.00000000
699   42    34    0    0    1   1.00000000
700   42    49    0    0    1   0.01870000
701   42    51    0    0    1   0.02500000
702   45    0    0    0    1   0.01870000
703   45    2    0    0    1   0.02500000
704   45    5    0    0    1   1.00000000
705   45    17    0    0    1   1.00000000
706   45    19    0    0    1   0.01870000
707   45    20    0    0    1   0.02500000
708   45    22    0    0    1   0.01870000
709   45    32    0    0    1   1.00000000
710   45    34    0    0    1   0.78000000
711   45    37    0    0    1   1.00000000
712   45    39    0    0    1   1.00000000
713   45    49    0    0    1   0.78000000
714   45    51    0    0    1   0.02500000
715   45    52    0    0    1   0.01870000
716   45    54    0    0    1   0.02500000
717   47    2    0    0    1   0.01870000
718   47    7    0    0    1   1.00000000
719   47    17    0    0    1   0.01870000
720   47    19    0    0    1   1.00000000
721   47    22    0    0    1   0.02500000
722   47    34    0    0    1   1.00000000
723   47    37    0    0    1   1.00000000
724   47    39    0    0    1   1.00000000
725   47    49    0    0    1   0.02500000
726   47    51    0    0    1   0.78000000
727   47    54    0    0    1   0.01870000
728   57    17    0    0    1   1.00000000
729   57    32    0    0    1   0.02500000
730   57    34    0    0    1   0.01870000
731   57    49    0    0    1   1.00000000
732   57    51    0    0    1   1.00000000
733   59    19    0    0    1   1.00000000
734   59    34    0    0    1   0.02500000
735   59    49    0    0    1   1.00000000
736   59    51    0    0    1   1.00000000
737   60    17    0    0    1   0.02500000
738   60    20    0    0    1   1.00000000
739   60    32    0    0    1   1.00000000
740   60    34    0    0    1   0.01870000
741   60    37    0    0    1   0.01870000
742   60    49    0    0    1   0.78000000
743   60    52    0    0    1   1.00000000
744   60    54    0    0    1   1.00000000
745   62    17    0    0    1   0.01870000
746   62    19    0    0    1   0.02500000
747   62    22    0    0    1   1.00000000
748   62    32    0    0    1   0.01870000
749   62    34    0    0    1   1.00000000
750   62    37    0    0    1   0.02500000
751   62    39    0    0    1   0.01870000
752   62    49    0    0    1   1.00000000
753   62    51    0    0    1   0.78000000
754   62    52    0    0    1   1.00000000
755   62    54    0    0    1   1.00000000
756   0    8    0    0    -1   1.00000000
757   0    10    0    0    -1   1.00000000
758   0    13    0    0    -1   1.00000000
759   0    25    0    0    -1   0.02500000
760   0    28    0    0    -1   1.00000000
761   0    30    0    0    -1   0.01870000
762   0    40    0    0    -1   1.00000000
763   0    45    0    0    -1   0.01870000
764   2    8    0    0    -1   1.00000000
765   2    10    0    0    -1   1.00000000
766   2    13    0    0    -1   0.78000000
767   2    15    0    0    -1   1.00000000
768   2    25    0    0    -1   0.01870000
769   2    27    0    0    -1   0.02500000
770   2    28    0    0    -1   0.01870000
771   2    30    0    0    -1   1.00000000
772   2    42    0    0    -1   1.00000000
773   2    45    0    0    -1   0.02500000
774   2    47    0    0    -1   0.01870000
775   5    13    0    0    -1   1.00000000
776   5    15    0    0    -1   1.00000000
777   5    28    0    0    -1   0.01870000
778   5    30    0    0    -1   0.02500000
779   5    45    0    0    -1   1.00000000
780   7    13    0    0    -1   1.00000000
781   7    15    0    0    -1   1.00000000
782   7    30    0    0    -1   0.01870000
783   7    47    0    0    -1   1.00000000
784   17    8    0    0    -1   0.02500000
785   17    10    0    0    -1   0.01870000
786   17    13    0    0    -1   0.78000000
787   17    15    0    0    -1   0.02500000
788   17    25    0    0    -1   1.00000000
789   17    27    0    0    -1   1.00000000
790   17    28    0    0    -1   0.78000000
791   17    30    0    0    -1   1.00000000
792   17    40    0    0    -1   0.01870000
793   17    42    0    0    -1   0.02500000
794   17    45    0    0    -1   1.00000000
795   17    47    0    0    -1   0.01870000
796   17    57    0    0    -1   1.00000000
797   17    60    0    0    -1   0.02500000
798   17    62    0    0    -1   0.01870000
799   19    10    0    0    -1   0.02500000
800   19    13    0    0    -1   0.02500000
801   19    15    0    0    -1   0.78000000
802   19    25    0    0    -1   1.00000000
803   19    27    0    0    -1   1.00000000
804   19    30    0    0    -1   0.78000000
805   19    42    0    0    -1   0.01870000
806   19    45    0    0    -1   0.01870000
807   19    47    0    0    -1   1.00000000
808   19    59    0    0    -1   1.00000000
809   19    62    0    0    -1   0.02500000
810   20    13    0    0    -1   0.01870000
811   20    28    0    0    -1   1.00000000
812   20    30    0    0    -1   1.00000000
813   20    45    0    0    -1   0.02500000
814   20    60    0    0    -1   1.00000000
815   22    13    0    0    -1   0.02500000
816   22    15    0    0    -1   0.01870000
817   22    28    0    0    -1   1.00000000
818   22    30    0    0    -1   1.00000000
819   22    45    0    0    -1   0.01870000
820   22    47    0    0    -1   0.02500000
821   22    62    0    0    -1   1.00000000
822   32    8    0    0    -1   1.00000000
823   32    13    0    0    -1   0.01870000
824   32    25    0    0    -1   0.01870000
825   32    28    0    0    -1   0.78000000
826   32    30    0    0    -1   0.02500000
827   32    40    0    0    -1   1.00000000
828   32    42    0    0    -1   1.00000000
829   32    45    0    0    -1   1.00000000
830   32    57    0    0    -1   0.02500000
831   32    60    0    0    -1   1.00000000
832   32    62    0    0    -1   0.01870000
833   34    10    0    0    -1   1.00000000
834   34    13    0    0    -1   0.02500000
835   34    15    0    0    -1   0.01870000
836   34    25    0    0    -1   0.02500000
837   34    27    0    0    -1   0.01870000
838   34    28    0    0    -1   0.02500000
839   34    30    0    0    -1   0.78000000
840   34    40    0    0    -1   1.00000000
841   34    42    0    0    -1   1.00000000
842   34    45    0    0    -1   0.78000000
843   34    47    0    0    -1   1.00000000
844   34    57    0    0    -1   0.01870000
845   34    59    0    0    -1   0.02500000
846   34    60    0    0    -1   0.01870000
847   34    62    0    0    -1   1.00000000
848   37    13    0    0    -1   1.00000000
849   37    28    0    0    -1   0.02500000
850   37    30    0    0    -1   0.01870000
851   37    45    0    0    -1   1.00000000
852   37    47    0    0    -1   1.00000000
853   37    60    0    0    -1   0.01870000
854   37    62    0    0    -1   0.02500000
855   39    15    0    0    -1   1.00000000
856   39    30    0    0    -1   0.02500000
857   39    45    0    0    -1   1.00000000
858   39    47    0    0    -1   1.00000000
859   39    62    0    0    -1   0.01870000
860   49    25    0    0    -1   1.00000000
861   49    28    0    0    -1   0.02500000
862   49    30    0    0    -1   0.01870000
863   49    40    0    0    -1   0.02500000
864   49    42    0    0    -1   0.01870000
865   49    45    0    0    -1   0.78000000
866   49    47    0    0    -1   0.02500000
867   49    57    0    0    -1   1.00000000
868   49    59    0    0    -1   1.00000000
869   49    60    0    0    -1   0.78000000
870   49    62    0    0    -1   1.00000000
871   51    27    0    0    -1   1.00000000
872   51    30    0    0    -1   0.02500000
873   51    42    0    0    -1   0.02500000
874   51    45    0    0    -1   0.02500000
875   51    47    0    0    -1   0.78000000
876   51    57    0    0    -1   1.00000000
877   51    59    0    0    -1   1.00000000
878   51    62    0    0    -1   0.78000000
879   52    28    0    0    -1   1.00000000
880   52    45    0    0    -1   0.01870000
881   52    60    0    0    -1   1.00000000
882   52    62    0    0    -1   1.00000000
883   54    30    0    0    -1   1.00000000
884   54    45    0    0    -1   0.02500000
885   54    47    0    0    -1   0.01870000
886   54    60    0    0    -1   1.00000000
887   54    62    0    0    -1   1.00000000
888   32    0    0    1    0   1.00000000
889   32    2    0    1    0   1.00000000
890   32    5    0    1    0   0.02500000
891   32    8    0    1    0   1.00000000
892   34    0    0    1    0   1.00000000
893   34    2    0    1    0   1.00000000
894   34    5    0    1    0   0.01870000
895   34    7    0    1    0   0.02500000
896   34    10    0    1    0   1.00000000
897   37    0    0    1    0   0.02500000
898   37    2    0    1    0   0.01870000
899   37    5    0    1    0   1.00000000
900   37    7    0    1    0   1.00000000
901   37    8    0    1    0   0.01870000
902   37    10    0    1    0   0.02500000
903   37    13    0    1    0   1.00000000
904   39    2    0    1    0   0.02500000
905   39    5    0    1    0   1.00000000
906   39    7    0    1    0   1.00000000
907   39    10    0    1    0   0.01870000
908   39    15    0    1    0   1.00000000
909   40    0    0    1    0   1.00000000
910   40    5    0    1    0   0.01870000
911   40    8    0    1    0   1.00000000
912   40    10    0    1    0   1.00000000
913   40    13    0    1    0   0.02500000
914   42    2    0    1    0   1.00000000
915   42    5    0    1    0   0.02500000
916   42    7    0    1    0   0.01870000
917   42    8    0    1    0   1.00000000
918   42    10    0    1    0   1.00000000
919   42    13    0    1    0   0.01870000
920   42    15    0    1    0   0.02500000
921   45    5    0    1    0   1.00000000
922   45    8    0    1    0   0.02500000
923   45    10    0    1    0   0.01870000
924   45    13    0    1    0   1.00000000
925   45    15    0    1    0   1.00000000
926   47    7    0    1    0   1.00000000
927   47    10    0    1    0   0.02500000
928   47    13    0    1    0   1.00000000
929   47    15    0    1    0   1.00000000
930   49    0    0    1    0   1.00000000
931   49    2    0    1    0   0.78000000
932   49    5    0    1    0   0.78000000
933   49    7    0    1    0   0.02500000
934   49    8    0    1    0   0.01870000
935   49    10    0    1    0   0.02500000
936   49    17    0    1    0   1.00000000
937   49    19    0    1    0   1.00000000
938   49    20    0    1    0   0.01870000
939   49    22    0    1    0   0.02500000
940   49    25    0    1    0   1.00000000
941   51    2    0    1    0   1.00000000
942   51    5    0    1    0   0.02500000
943   51    7    0    1    0   0.78000000
944   51    10    0    1    0   0.01870000
945   51    17    0    1    0   1.00000000
946   51    19    0    1    0   1.00000000
947   51    22    0    1    0   0.01870000
948   51    27    0    1    0   1.00000000
949   52    0    0    1    0   1.00000000
950   52    2    0    1    0   0.01870000
951   52    5    0    1    0   0.78000000
952   52    8    0    1    0   0.78000000
953   52    10    0    1    0   0.02500000
954   52    13    0    1    0   0.02500000
955   52    17    0    1    0   0.01870000
956   52    20    0    1    0   1.00000000
957   52    22    0    1    0   1.00000000
958   52    25    0    1    0   0.02500000
959   52    28    0    1    0   1.00000000
960   54    0    0    1    0   0.01870000
961   54    2    0    1    0   1.00000000
962   54    5    0    1    0   1.00000000
963   54    7    0    1    0   0.78000000
964   54    8    0    1    0   0.02500000
965   54    10    0    1    0   0.78000000
966   54    13    0    1    0   0.01870000
967   54    15    0    1    0   0.02500000
968   54    17    0    1    0   0.02500000
969   54    19    0    1    0   0.01870000
970   54    20    0    1    0   1.00000000
971   54    22    0    1    0   1.00000000
972   54    25    0    1    0   0.01870000
973   54    27    0    1    0   0.02500000
974   54    30    0    1    0   1.00000000
975   57    0    0    1    0   0.01870000
976   57    2    0    1    0   0.02500000
977   57    5    0    1    0   1.00000000
978   57    7    0    1    0   0.01870000
979   57    8    0    1    0   1.00000000
980   57    10    0    1    0   0.78000000
981   57    13    0    1    0   0.78000000
982   57    15    0    1    0   0.02500000
983   57    17    0    1    0   1.00000000
984   57    20    0    1    0   0.02500000
985   57    22    0    1    0   0.01870000
986   57    25    0    1    0   1.00000000
987   57    27    0    1    0   1.00000000
988   57    28    0    1    0   0.01870000
989   57    30    0    1    0   0.02500000
990   59    2    0    1    0   0.01870000
991   59    5    0    1    0   0.01870000
992   59    7    0    1    0   1.00000000
993   59    10    0    1    0   1.00000000
994   59    13    0    1    0   0.02500000
995   59    15    0    1    0   0.78000000
996   59    19    0    1    0   1.00000000
997   59    22    0    1    0   0.02500000
998   59    25    0    1    0   1.00000000
999   59    27    0    1    0   1.00000000
1000   59    30    0    1    0   0.01870000
1001   60    5    0    1    0   0.02500000
1002   60    8    0    1    0   1.00000000
1003   60    10    0    1    0   0.01870000
1004   60    13    0    1    0   0.78000000
1005   60    20    0    1    0   1.00000000
1006   60    25    0    1    0   0.01870000
1007   60    28    0    1    0   1.00000000
1008   60    30    0    1    0   1.00000000
1009   62    5    0    1    0   0.01870000
1010   62    7    0    1    0   0.02500000
1011   62    8    0    1    0   0.01870000
1012   62    10    0    1    0   1.00000000
1013   62    13    0    1    0   1.00000000
1014   62    15    0    1    0   0.78000000
1015   62    22    0    1    0   1.00000000
1016   62    25    0    1    0   0.02500000
1017   62    27    0    1    0   0.01870000
1018   62    28    0    1    0   1.00000000
1019   62    30    0    1    0   1.00000000
1020   40    0    0    1    1   1.00000000
1021   42    2    0    1    1   1.00000000
1022   45    0    0    1    1   0.01870000
1023   45    2    0    1    1   0.02500000
1024   45    5    0    1    1   1.00000000
1025   47    2    0    1    1   0.01870000
1026   47    7    0    1    1   1.00000000
1027   57    0    0    1    1   0.01870000
1028   57    2    0    1    1   0.02500000
1029   57    17    0    1    1   1.00000000
1030   59    2    0    1    1   0.01870000
1031   59    19    0    1    1   1.00000000
1032   60    0    0    1    1   0.78000000
1033   60    2    0    1    1   0.02500000
1034   60    5    0    1    1   0.02500000
1035   60    17    0    1    1   0.02500000
1036   60    20    0    1    1   1.00000000
1037   62    0    0    1    1   0.02500000
1038   62    2    0    1    1   0.78000000
1039   62    5    0    1    1   0.01870000
1040   62    7    0    1    1   0.02500000
1041   62    17    0    1    1   0.01870000
1042   62    19    0    1    1   0.02500000
1043   62    22    0    1    1   1.00000000
1044   32    8    0    1    -1   1.00000000
1045   32    13    0    1    -1   0.01870000
1046   34    10    0    1    -1   1.00000000
1047   34    13    0    1    -1   0.02500000
1048   34    15    0    1    -1   0.01870000
1049   37    13    0    1    -1   1.00000000
1050   39    15    0    1    -1   1.00000000
1051   49    8    0    1    -1   0.01870000
1052   49    10    0    1    -1   0.02500000
1053   49    13    0    1    -1   1.00000000
1054   49    15    0    1    -1   0.01870000
1055   49    25    0    1    -1   1.00000000
1056   49    28    0    1    -1   0.02500000
1057   49    30    0    1    -1   0.01870000
1058   51    10    0    1    -1   0.01870000
1059   51    13    0    1    -1   0.01870000
1060   51    15    0    1    -1   1.00000000
1061   51    27    0    1    -1   1.00000000
1062   51    30    0    1    -1   0.02500000
1063   52    13    0    1    -1   0.02500000
1064   52    28    0    1    -1   1.00000000
1065   54    13    0    1    -1   0.01870000
1066   54    15    0    1    -1   0.02500000
1067   54    30    0    1    -1   1.00000000
1068   0    32    0    -1    0   1.00000000
1069   0    34    0    -1    0   1.00000000
1070   0    37    0    -1    0   0.02500000
1071   0    40    0    -1    0   1.00000000
1072   0    49    0    -1    0   1.00000000
1073   0    52    0    -1    0   1.00000000
1074   0    54    0    -1    0   0.01870000
1075   0    57    0    -1    0   0.01870000
1076   2    32    0    -1    0   1.00000000
1077   2    34    0    -1    0   1.00000000
1078   2    37    0    -1    0   0.01870000
1079   2    39    0    -1    0   0.02500000
1080   2    42    0    -1    0   1.00000000
1081   2    49    0    -1    0   0.78000000
1082   2    51    0    -1    0   1.00000000
1083   2    52    0    -1    0   0.01870000
1084   2    54    0    -1    0   1.00000000
1085   2    57    0    -1    0   0.02500000
1086   2    59    0    -1    0   0.01870000
1087   5    32    0    -1    0   0.02500000
1088   5    34    0    -1    0   0.01870000
1089   5    37    0    -1    0   1.00000000
1090   5    39    0    -1    0   1.00000000
1091   5    40    0    -1    0   0.01870000
1092   5    42    0    -1    0   0.02500000
1093   5    45    0    -1    0   1.00000000
1094   5    49    0    -1    0   0.78000000
1095   5    51    0    -1    0   0.02500000
1096   5    52    0    -1    0   0.78000000
1097   5    54    0    -1    0   1.00000000
1098   5    57    0    -1    0   1.00000000
1099   5    59    0    -1    0   0.01870000
1100   5    60    0    -1    0   0.02500000
1101   5    62    0    -1    0   0.01870000
1102   7    34    0    -1    0   0.02500000
1103   7    37    0    -1    0   1.00000000
1104   7    39    0    -1    0   1.00000000
1105   7    42    0    -1    0   0.01870000
1106   7    47    0    -1    0   1.00000000
1107   7    49    0    -1    0   0.02500000
1108   7    51    0    -1    0   0.78000000
1109   7    54    0    -1    0   0.78000000
1110   7    57    0    -1    0   0.01870000
1111   7    59    0    -1    0   1.00000000
1112   7    62    0    -1    0   0.02500000
1113   8    32    0    -1    0   1.00000000
1114   8    37    0    -1    0   0.01870000
1115   8    40    0    -1    0   1.00000000
1116   8    42    0    -1    0   1.00000000
1117   8    45    0    -1    0   0.02500000
1118   8    49    0    -1    0   0.01870000
1119   8    52    0    -1    0   0.78000000
1120   8    54    0    -1    0   0.02500000
1121   8    57    0    -1    0   1.00000000
1122   8    60    0    -1    0   1.00000000
1123   8    62    0    -1    0   0.01870000
1124   10    34    0    -1    0   1.00000000
1125   10    37    0    -1    0   0.02500000
1126   10    39    0    -1    0   0.01870000
1127   10    40    0    -1    0   1.00000000
1128   10    42    0    -1    0   1.00000000
1129   10    45    0    -1    0   0.01870000
1130   10    47    0    -1    0   0.02500000
1131   10    49    0    -1    0   0.02500000
1132   10    51    0    -1    0   0.01870000
1133   10    52    0    -1    0   0.02500000
1134   10    54    0    -1    0   0.78000000
1135   10    57    0    -1    0   0.78000000
1136   10    59    0    -1    0   1.00000000
1137   10    60    0    -1    0   0.01870000
1138   10    62    0    -1    0   1.00000000
1139   13    37    0    -1    0   1.00000000
1140   13    40    0    -1    0   0.02500000
1141   13    42    0    -1    0   0.01870000
1142   13    45    0    -1    0   1.00000000
1143   13    47    0    -1    0   1.00000000
1144   13    52    0    -1    0   0.02500000
1145   13    54    0    -1    0   0.01870000
1146   13    57    0    -1    0   0.78000000
1147   13    59    0    -1    0   0.02500000
1148   13    60    0    -1    0   0.78000000
1149   13    62    0    -1    0   1.00000000
1150   15    39    0    -1    0   1.00000000
1151   15    42    0    -1    0   0.02500000
1152   15    45    0    -1    0   1.00000000
1153   15    47    0    -1    0   1.00000000
1154   15    54    0    -1    0   0.02500000
1155   15    57    0    -1    0   0.02500000
1156   15    59    0    -1    0   0.78000000
1157   15    62    0    -1    0   0.78000000
1158   17    49    0    -1    0   1.00000000
1159   17    51    0    -1    0   1.00000000
1160   17    52    0    -1    0   0.01870000
1161   17    54    0    -1    0   0.02500000
1162   17    57    0    -1    0   1.00000000
1163   19    49    0    -1    0   1.00000000
1164   19    51    0    -1    0   1.00000000
1165   19    54    0    -1    0   0.01870000
1166   19    59    0    -1    0   1.00000000
1167   20    49    0    -1    0   0.01870000
1168   20    52    0    -1    0   1.00000000
1169   20    54    0    -1    0   1.00000000
1170   20    57    0    -1    0   0.02500000
1171   20    60    0    -1    0   1.00000000
1172   22    49    0    -1    0   0.02500000
1173   22    51    0    -1    0   0.01870000
1174   22    52    0    -1    0   1.00000000
1175   22    54    0    -1    0   1.00000000
1176   22    57    0    -1    0   0.01870000
1177   22    59    0    -1    0   0.02500000
1178   22    62    0    -1    0   1.00000000
1179   25    49    0    -1    0   1.00000000
1180   25    52    0    -1    0   0.02500000
1181   25    54    0    -1    0   0.01870000
1182   25    57    0    -1    0   1.00000000
1183   25    59    0    -1    0   1.00000000
1184   25    60    0    -1    0   0.01870000
1185   25    62    0    -1    0   0.02500000
1186   27    51    0    -1    0   1.00000000
1187   27    54    0    -1    0   0.02500000
1188   27    57    0    -1    0   1.00000000
1189   27    59    0    -1    0   1.00000000
1190   27    62    0    -1    0   0.01870000
1191   28    52    0    -1    0   1.00000000
1192   28    57    0    -1    0   0.01870000
1193   28    60    0    -1    0   1.00000000
1194   28    62    0    -1    0   1.00000000
1195   30    54    0    -1    0   1.00000000
1196   30    57    0    -1    0   0.02500000
1197   30    59    0    -1    0   0.01870000
1198   30    60    0    -1    0   1.00000000
1199   30    62    0    -1    0   1.00000000
1200   8    32    0    -1    1   1.00000000
1201   8    49    0    -1    1   0.01870000
1202   10    34    0    -1    1   1.00000000
1203   10    49    0    -1    1   0.02500000
1204   10    51    0    -1    1   0.01870000
1205   13    32    0    -1    1   0.01870000
1206   13    34    0    -1    1   0.02500000
1207   13    37    0    -1    1   1.00000000
1208   13    49    0    -1    1   1.00000000
1209   13    51    0    -1    1   0.01870000
1210   13    52    0    -1    1   0.02500000
1211   13    54    0    -1    1   0.01870000
1212   15    34    0    -1    1   0.01870000
1213   15    39    0    -1    1   1.00000000
1214   15    49    0    -1    1   0.01870000
1215   15    51    0    -1    1   1.00000000
1216   15    54    0    -1    1   0.02500000
1217   25    49    0    -1    1   1.00000000
1218   27    51    0    -1    1   1.00000000
1219   28    49    0    -1    1   0.02500000
1220   28    52    0    -1    1   1.00000000
1221   30    49    0    -1    1   0.01870000
1222   30    51    0    -1    1   0.02500000
1223   30    54    0    -1    1   1.00000000
1224   0    40    0    -1    -1   1.00000000
1225   0    45    0    -1    -1   0.01870000
1226   0    57    0    -1    -1   0.01870000
1227   0    60    0    -1    -1   0.78000000
1228   0    62    0    -1    -1   0.02500000
1229   2    42    0    -1    -1   1.00000000
1230   2    45    0    -1    -1   0.02500000
1231   2    47    0    -1    -1   0.01870000
1232   2    57    0    -1    -1   0.02500000
1233   2    59    0    -1    -1   0.01870000
1234   2    60    0    -1    -1   0.02500000
1235   2    62    0    -1    -1   0.78000000
1236   5    45    0    -1    -1   1.00000000
1237   5    60    0    -1    -1   0.02500000
1238   5    62    0    -1    -1   0.01870000
1239   7    47    0    -1    -1   1.00000000
1240   7    62    0    -1    -1   0.02500000
1241   17    57    0    -1    -1   1.00000000
1242   17    60    0    -1    -1   0.02500000
1243   17    62    0    -1    -1   0.01870000
1244   19    59    0    -1    -1   1.00000000
1245   19    62    0    -1    -1   0.02500000
1246   20    60    0    -1    -1   1.00000000
1247   22    62    0    -1    -1   1.00000000
1248   2    0    1    0    0   1.00000000
1249   2    8    1    0    0   1.00000000
1250   2    20    1    0    0   0.02500000
1251   2    32    1    0    0   1.00000000
1252   7    0    1    0    0   1.00000000
1253   7    5    1    0    0   1.00000000
1254   7    8    1    0    0   0.78000000
1255   7    13    1    0    0   1.00000000
1256   7    17    1    0    0   0.01870000
1257   7    20    1    0    0   0.78000000
1258   7    25    1    0    0   0.02500000
1259   7    28    1    0    0   0.02500000
1260   7    32    1    0    0   0.01870000
1261   7    37    1    0    0   1.00000000
1262   7    40    1    0    0   0.02500000
1263   10    0    1    0    0   1.00000000
1264   10    8    1    0    0   1.00000000
1265   10    20    1    0    0   0.01870000
1266   10    28    1    0    0   0.02500000
1267   10    40    1    0    0   1.00000000
1268   15    5    1    0    0   1.00000000
1269   15    8    1    0    0   1.00000000
1270   15    13    1    0    0   1.00000000
1271   15    20    1    0    0   0.02500000
1272   15    25    1    0    0   0.01870000
1273   15    28    1    0    0   0.78000000
1274   15    40    1    0    0   0.01870000
1275   15    45    1    0    0   1.00000000
1276   19    0    1    0    0   1.00000000
1277   19    5    1    0    0   0.01870000
1278   19    8    1    0    0   0.01870000
1279   19    17    1    0    0   1.00000000
1280   19    20    1    0    0   0.78000000
1281   19    25    1    0    0   1.00000000
1282   19    32    1    0    0   0.78000000
1283   19    37    1    0    0   0.02500000
1284   19    40    1    0    0   0.02500000
1285   19    49    1    0    0   1.00000000
1286   19    52    1    0    0   0.02500000
1287   22    0    1    0    0   0.02500000
1288   22    8    1    0    0   0.01870000
1289   22    20    1    0    0   1.00000000
1290   22    28    1    0    0   1.00000000
1291   22    32    1    0    0   0.01870000
1292   22    40    1    0    0   0.02500000
1293   22    52    1    0    0   1.00000000
1294   27    0    1    0    0   0.01870000
1295   27    5    1    0    0   0.02500000
1296   27    8    1    0    0   1.00000000
1297   27    13    1    0    0   0.01870000
1298   27    17    1    0    0   1.00000000
1299   27    20    1    0    0   1.00000000
1300   27    25    1    0    0   1.00000000
1301   27    28    1    0    0   0.78000000
1302   27    32    1    0    0   0.02500000
1303   27    37    1    0    0   0.01870000
1304   27    40    1    0    0   0.78000000
1305   27    45    1    0    0   0.02500000
1306   27    52    1    0    0   0.01870000
1307   27    57    1    0    0   1.00000000
1308   27    60    1    0    0   0.02500000
1309   30    8    1    0    0   0.02500000
1310   30    20    1    0    0   1.00000000
1311   30    28    1    0    0   1.00000000
1312   30    40    1    0    0   0.01870000
1313   30    60    1    0    0   1.00000000
1314   34    0    1    0    0   1.00000000
1315   34    20    1    0    0   0.01870000
1316   34    32    1    0    0   1.00000000
1317   34    40    1    0    0   1.00000000
1318   34    52    1    0    0   0.02500000
1319   39    0    1    0    0   0.01870000
1320   39    5    1    0    0   1.00000000
1321   39    8    1    0    0   0.02500000
1322   39    17    1    0    0   0.02500000
1323   39    20    1    0    0   1.00000000
1324   39    25    1    0    0   0.01870000
1325   39    28    1    0    0   0.01870000
1326   39    32    1    0    0   1.00000000
1327   39    37    1    0    0   1.00000000
1328   39    40    1    0    0   0.78000000
1329   39    45    1    0    0   1.00000000
1330   39    49    1    0    0   0.01870000
1331   39    52    1    0    0   0.78000000
1332   39    57    1    0    0   0.02500000
1333   39    60    1    0    0   0.02500000
1334   42    8    1    0    0   1.00000000
1335   42    20    1    0    0   0.02500000
1336   42    28    1    0    0   0.01870000
1337   42    32    1    0    0   1.00000000
1338   42    40    1    0    0   1.00000000
1339   42    52    1    0    0   0.01870000
1340   42    60    1    0    0   0.02500000
1341   47    8    1    0    0   0.01870000
1342   47    13    1    0    0   1.00000000
1343   47    20    1    0    0   0.01870000
1344   47    25    1    0    0   0.02500000
1345   47    28    1    0    0   1.00000000
1346   47    37    1    0    0   1.00000000
1347   47    40    1    0    0   1.00000000
1348   47    45    1    0    0   1.00000000
1349   47    52    1    0    0   0.02500000
1350   47    57    1    0    0   0.01870000
1351   47    60    1    0    0   0.78000000
1352   51    17    1    0    0   1.00000000
1353   51    20    1    0    0   0.02500000
1354   51    32    1    0    0   1.00000000
1355   51    37    1    0    0   0.01870000
1356   51    40    1    0    0   0.01870000
1357   51    49    1    0    0   1.00000000
1358   51    52    1    0    0   0.78000000
1359   51    57    1    0    0   1.00000000
1360   54    20    1    0    0   1.00000000
1361   54    32    1    0    0   0.02500000
1362   54    40    1    0    0   0.01870000
1363   54    52    1    0    0   1.00000000
1364   54    60    1    0    0   1.00000000
1365   59    20    1    0    0   0.01870000
1366   59    25    1    0    0   1.00000000
1367   59    28    1    0    0   0.02500000
1368   59    32    1    0    0   0.01870000
1369   59    37    1    0    0   0.02500000
1370   59    40    1    0    0   1.00000000
1371   59    45    1    0    0   0.01870000
1372   59    49    1    0    0   1.00000000
1373   59    52    1    0    0   1.00000000
1374   59    57    1    0    0   1.00000000
1375   59    60    1    0    0   0.78000000
1376   62    28    1    0    0   1.00000000
1377   62    40    1    0    0   0.02500000
1378   62    52    1    0    0   1.00000000
1379   62    60    1    0    0   1.00000000
1380   10    0    1    0    1   1.00000000
1381   15    0    1    0    1   0.78000000
1382   15    5    1    0    1   1.00000000
1383   15    17    1    0    1   0.02500000
1384   15    20    1    0    1   0.02500000
1385   15    32    1    0    1   0.02500000
1386   27    0    1    0    1   0.01870000
1387   27    17    1    0    1   1.00000000
1388   27    32    1    0    1   0.02500000
1389   30    0    1    0    1   0.01870000
1390   30    20    1    0    1   1.00000000
1391   30    32    1    0    1   0.02500000
1392   42    32    1    0    1   1.00000000
1393   47    0    1    0    1   0.02500000
1394   47    17    1    0    1   0.01870000
1395   47    20    1    0    1   0.01870000
1396   47    32    1    0    1   0.78000000
1397   47    37    1    0    1   1.00000000
1398   47    49    1    0    1   0.02500000
1399   47    52    1    0    1   0.02500000
1400   59    32    1    0    1   0.01870000
1401   59    49    1    0    1   1.00000000
1402   62    32    1    0    1   0.01870000
1403   62    52    1    0    1   1.00000000
1404   2    8    1    0    -1   1.00000000
1405   2    28    1    0    -1   0.01870000
1406   7    13    1    0    -1   1.00000000
1407   7    28    1    0    -1   0.02500000
1408   19    8    1    0    -1   0.01870000
1409   19    13    1    0    -1   0.02500000
1410   19    25    1    0    -1   1.00000000
1411   19    28    1    0    -1   1.00000000
1412   19    40    1    0    -1   0.02500000
1413   19    45    1    0    -1   0.01870000
1414   19    60    1    0    -1   0.01870000
1415   22    28    1    0    -1   1.00000000
1416   34    28    1    0    -1   0.02500000
1417   34    40    1    0    -1   1.00000000
1418   34    60    1    0    -1   0.01870000
1419   39    28    1    0    -1   0.01870000
1420   39    45    1    0    -1   1.00000000
1421   39    60    1    0    -1   0.02500000
1422   51    28    1    0    -1   0.01870000
1423   51    40    1    0    -1   0.01870000
1424   51    45    1    0    -1   0.02500000
1425   51    57    1    0    -1   1.00000000
1426   51    60    1    0    -1   1.00000000
1427   54    60    1    0    -1   1.00000000
1428   34    0    1    1    0   1.00000000
1429   39    0    1    1    0   0.01870000
1430   39    5    1    1    0   1.00000000
1431   39    8    1    1    0   0.02500000
1432   42    8    1    1    0   1.00000000
1433   47    8    1    1    0   0.01870000
1434   47    13    1    1    0   1.00000000
1435   51    0    1    1    0   0.78000000
1436   51    5    1    1    0   0.02500000
1437   51    8    1    1    0   0.02500000
1438   51    17    1    1    0   1.00000000
1439   51    20    1    1    0   0.02500000
1440   54    0    1    1    0   0.01870000
1441   54    8    1    1    0   0.02500000
1442   54    20    1    1    0   1.00000000
1443   59    0    1    1    0   0.02500000
1444   59    5    1    1    0   0.01870000
1445   59    8    1    1    0   0.78000000
1446   59    13    1    1    0   0.02500000
1447   59    20    1    1    0   0.01870000
1448   59    25    1    1    0   1.00000000
1449   59    28    1    1    0   0.02500000
1450   62    8    1    1    0   0.01870000
1451   62    28    1    1    0   1.00000000
1452   47    0    1    1    1   0.02500000
1453   59    0    1    1    1   0.02500000
1454   62    0    1    1    1   0.02500000
1455   51    8    1    1    -1   0.02500000
1456   51    13    1    1    -1   0.01870000
1457   51    28    1    1    -1   0.01870000
1458   2    32    1    -1    0   1.00000000
1459   2    52    1    -1    0   0.01870000
1460   7    32    1    -1    0   0.01870000
1461   7    37    1    -1    0   1.00000000
1462   7    40    1    -1    0   0.02500000
1463   7    49    1    -1    0   0.02500000
1464   7    52    1    -1    0   1.00000000
1465   7    57    1    -1    0   0.01870000
1466   7    60    1    -1    0   0.01870000
1467   10    40    1    -1    0   1.00000000
1468   10    52    1    -1    0   0.02500000
1469   10    60    1    -1    0   0.01870000
1470   15    40    1    -1    0   0.01870000
1471   15    45    1    -1    0   1.00000000
1472   15    52    1    -1    0   0.01870000
1473   15    57    1    -1    0   0.02500000
1474   15    60    1    -1    0   1.00000000
1475   19    49    1    -1    0   1.00000000
1476   19    52    1    -1    0   0.02500000
1477   22    52    1    -1    0   1.00000000
1478   27    52    1    -1    0   0.01870000
1479   27    57    1    -1    0   1.00000000
1480   27    60    1    -1    0   0.02500000
1481   30    60    1    -1    0   1.00000000
1482   15    32    1    -1    1   0.02500000
1483   15    49    1    -1    1   0.01870000
1484   15    52    1    -1    1   0.01870000
1485   2    60    1    -1    -1   0.02500000
1486   7    60    1    -1    -1   0.01870000
1487   19    60    1    -1    -1   0.01870000
1488   0    2    -1    0    0   1.00000000
1489   0    7    -1    0    0   1.00000000
1490   0    10    -1    0    0   1.00000000
1491   0    19    -1    0    0   1.00000000
1492   0    22    -1    0    0   0.02500000
1493   0    27    -1    0    0   0.01870000
1494   0    34    -1    0    0   1.00000000
1495   0    39    -1    0    0   0.01870000
1496   5    7    -1    0    0   1.00000000
1497   5    15    -1    0    0   1.00000000
1498   5    19    -1    0    0   0.01870000
1499   5    27    -1    0    0   0.02500000
1500   5    39    -1    0    0   1.00000000
1501   8    2    -1    0    0   1.00000000
1502   8    7    -1    0    0   0.78000000
1503   8    10    -1    0    0   1.00000000
1504   8    15    -1    0    0   1.00000000
1505   8    19    -1    0    0   0.01870000
1506   8    22    -1    0    0   0.01870000
1507   8    27    -1    0    0   1.00000000
1508   8    30    -1    0    0   0.02500000
1509   8    39    -1    0    0   0.02500000
1510   8    42    -1    0    0   1.00000000
1511   8    47    -1    0    0   0.01870000
1512   13    7    -1    0    0   1.00000000
1513   13    15    -1    0    0   1.00000000
1514   13    27    -1    0    0   0.01870000
1515   13    47    -1    0    0   1.00000000
1516   17    7    -1    0    0   0.01870000
1517   17    19    -1    0    0   1.00000000
1518   17    27    -1    0    0   1.00000000
1519   17    39    -1    0    0   0.02500000
1520   17    51    -1    0    0   1.00000000
1521   20    2    -1    0    0   0.02500000
1522   20    7    -1    0    0   0.78000000
1523   20    10    -1    0    0   0.01870000
1524   20    15    -1    0    0   0.02500000
1525   20    19    -1    0    0   0.78000000
1526   20    22    -1    0    0   1.00000000
1527   20    27    -1    0    0   1.00000000
1528   20    30    -1    0    0   1.00000000
1529   20    34    -1    0    0   0.01870000
1530   20    39    -1    0    0   1.00000000
1531   20    42    -1    0    0   0.02500000
1532   20    47    -1    0    0   0.01870000
1533   20    51    -1    0    0   0.02500000
1534   20    54    -1    0    0   1.00000000
1535   20    59    -1    0    0   0.01870000
1536   25    7    -1    0    0   0.02500000
1537   25    15    -1    0    0   0.01870000
1538   25    19    -1    0    0   1.00000000
1539   25    27    -1    0    0   1.00000000
1540   25    39    -1    0    0   0.01870000
1541   25    47    -1    0    0   0.02500000
1542   25    59    -1    0    0   1.00000000
1543   28    7    -1    0    0   0.02500000
1544   28    10    -1    0    0   0.02500000
1545   28    15    -1    0    0   0.78000000
1546   28    22    -1    0    0   1.00000000
1547   28    27    -1    0    0   0.78000000
1548   28    30    -1    0    0   1.00000000
1549   28    39    -1    0    0   0.01870000
1550   28    42    -1    0    0   0.01870000
1551   28    47    -1    0    0   1.00000000
1552   28    59    -1    0    0   0.02500000
1553   28    62    -1    0    0   1.00000000
1554   32    2    -1    0    0   1.00000000
1555   32    7    -1    0    0   0.01870000
1556   32    19    -1    0    0   0.78000000
1557   32    22    -1    0    0   0.01870000
1558   32    27    -1    0    0   0.02500000
1559   32    34    -1    0    0   1.00000000
1560   32    39    -1    0    0   1.00000000
1561   32    42    -1    0    0   1.00000000
1562   32    51    -1    0    0   1.00000000
1563   32    54    -1    0    0   0.02500000
1564   32    59    -1    0    0   0.01870000
1565   37    7    -1    0    0   1.00000000
1566   37    19    -1    0    0   0.02500000
1567   37    27    -1    0    0   0.01870000
1568   37    39    -1    0    0   1.00000000
1569   37    47    -1    0    0   1.00000000
1570   37    51    -1    0    0   0.01870000
1571   37    59    -1    0    0   0.02500000
1572   40    7    -1    0    0   0.02500000
1573   40    10    -1    0    0   1.00000000
1574   40    15    -1    0    0   0.01870000
1575   40    19    -1    0    0   0.02500000
1576   40    22    -1    0    0   0.02500000
1577   40    27    -1    0    0   0.78000000
1578   40    30    -1    0    0   0.01870000
1579   40    34    -1    0    0   1.00000000
1580   40    39    -1    0    0   0.78000000
1581   40    42    -1    0    0   1.00000000
1582   40    47    -1    0    0   1.00000000
1583   40    51    -1    0    0   0.01870000
1584   40    54    -1    0    0   0.01870000
1585   40    59    -1    0    0   1.00000000
1586   40    62    -1    0    0   0.02500000
1587   45    15    -1    0    0   1.00000000
1588   45    27    -1    0    0   0.02500000
1589   45    39    -1    0    0   1.00000000
1590   45    47    -1    0    0   1.00000000
1591   45    59    -1    0    0   0.01870000
1592   49    19    -1    0    0   1.00000000
1593   49    39    -1    0    0   0.01870000
1594   49    51    -1    0    0   1.00000000
1595   49    59    -1    0    0   1.00000000
1596   52    19    -1    0    0   0.02500000
1597   52    22    -1    0    0   1.00000000
1598   52    27    -1    0    0   0.01870000
1599   52    34    -1    0    0   0.02500000
1600   52    39    -1    0    0   0.78000000
1601   52    42    -1    0    0   0.01870000
1602   52    47    -1    0    0   0.02500000
1603   52    51    -1    0    0   0.78000000
1604   52    54    -1    0    0   1.00000000
1605   52    59    -1    0    0   1.00000000
1606   52    62    -1    0    0   1.00000000
1607   57    27    -1    0    0   1.00000000
1608   57    39    -1    0    0   0.02500000
1609   57    47    -1    0    0   0.01870000
1610   57    51    -1    0    0   1.00000000
1611   57    59    -1    0    0   1.00000000
1612   60    27    -1    0    0   0.02500000
1613   60    30    -1    0    0   1.00000000
1614   60    39    -1    0    0   0.02500000
1615   60    42    -1    0    0   0.02500000
1616   60    47    -1    0    0   0.78000000
1617   60    54    -1    0    0   1.00000000
1618   60    59    -1    0    0   0.78000000
1619   60    62    -1    0    0   1.00000000
1620   8    2    -1    0    1   1.00000000
1621   8    19    -1    0    1   0.01870000
1622   13    7    -1    0    1   1.00000000
1623   13    19    -1    0    1   0.02500000
1624   25    19    -1    0    1   1.00000000
1625   28    2    -1    0    1   0.01870000
1626   28    7    -1    0    1   0.02500000
1627   28    19    -1    0    1   1.00000000
1628   28    22    -1    0    1   1.00000000
1629   28    34    -1    0    1   0.02500000
1630   28    39    -1    0    1   0.01870000
1631   28    51    -1    0    1   0.01870000
1632   40    19    -1    0    1   0.02500000
1633   40    34    -1    0    1   1.00000000
1634   40    51    -1    0    1   0.01870000
1635   45    19    -1    0    1   0.01870000
1636   45    39    -1    0    1   1.00000000
1637   45    51    -1    0    1   0.02500000
1638   57    51    -1    0    1   1.00000000
1639   60    19    -1    0    1   0.01870000
1640   60    34    -1    0    1   0.01870000
1641   60    39    -1    0    1   0.02500000
1642   60    51    -1    0    1   1.00000000
1643   60    54    -1    0    1   1.00000000
1644   0    10    -1    0    -1   1.00000000
1645   0    15    -1    0    -1   0.78000000
1646   0    27    -1    0    -1   0.01870000
1647   0    30    -1    0    -1   0.01870000
1648   0    47    -1    0    -1   0.02500000
1649   5    15    -1    0    -1   1.00000000
1650   17    15    -1    0    -1   0.02500000
1651   17    27    -1    0    -1   1.00000000
1652   17    47    -1    0    -1   0.01870000
1653   20    15    -1    0    -1   0.02500000
1654   20    30    -1    0    -1   1.00000000
1655   20    47    -1    0    -1   0.01870000
1656   32    15    -1    0    -1   0.02500000
1657   32    27    -1    0    -1   0.02500000
1658   32    30    -1    0    -1   0.02500000
1659   32    42    -1    0    -1   1.00000000
1660   32    47    -1    0    -1   0.78000000
1661   32    59    -1    0    -1   0.01870000
1662   32    62    -1    0    -1   0.01870000
1663   37    47    -1    0    -1   1.00000000
1664   49    47    -1    0    -1   0.02500000
1665   49    59    -1    0    -1   1.00000000
1666   52    47    -1    0    -1   0.02500000
1667   52    62    -1    0    -1   1.00000000
1668   32    2    -1    1    0   1.00000000
1669   32    7    -1    1    0   0.01870000
1670   37    7    -1    1    0   1.00000000
1671   40    7    -1    1    0   0.02500000
1672   40    10    -1    1    0   1.00000000
1673   40    15    -1    1    0   0.01870000
1674   45    15    -1    1    0   1.00000000
1675   49    7    -1    1    0   0.02500000
1676   49    19    -1    1    0   1.00000000
1677   52    2    -1    1    0   0.01870000
1678   52    7    -1    1    0   1.00000000
1679   52    10    -1    1    0   0.02500000
1680   52    15    -1    1    0   0.01870000
1681   52    19    -1    1    0   0.02500000
1682   52    22    -1    1    0   1.00000000
1683   52    27    -1    1    0   0.01870000
1684   57    7    -1    1    0   0.01870000
1685   57    15    -1    1    0   0.02500000
1686   57    27    -1    1    0   1.00000000
1687   60    7    -1    1    0   0.01870000
1688   60    10    -1    1    0   0.01870000
1689   60    15    -1    1    0   1.00000000
1690   60    27    -1    1    0   0.02500000
1691   60    30    -1    1    0   1.00000000
1692   60    2    -1    1    1   0.02500000
1693   60    7    -1    1    1   0.01870000
1694   60    19    -1    1    1   0.01870000
1695   32    15    -1    1    -1   0.02500000
1696   49    15    -1    1    -1   0.01870000
1697   52    15    -1    1    -1   0.01870000
1698   0    34    -1    -1    0   1.00000000
1699   0    39    -1    -1    0   0.01870000
1700   0    51    -1    -1    0   0.78000000
1701   0    54    -1    -1    0   0.01870000
1702   0    59    -1    -1    0   0.02500000
1703   5    39    -1    -1    0   1.00000000
1704   5    51    -1    -1    0   0.02500000
1705   5    59    -1    -1    0   0.01870000
1706   8    39    -1    -1    0   0.02500000
1707   8    42    -1    -1    0   1.00000000
1708   8    47    -1    -1    0   0.01870000
1709   8    51    -1    -1    0   0.02500000
1710   8    54    -1    -1    0   0.02500000
1711   8    59    -1    -1    0   0.78000000
1712   8    62    -1    -1    0   0.01870000
1713   13    47    -1    -1    0   1.00000000
1714   13    59    -1    -1    0   0.02500000
1715   17    51    -1    -1    0   1.00000000
1716   20    51    -1    -1    0   0.02500000
1717   20    54    -1    -1    0   1.00000000
1718   20    59    -1    -1    0   0.01870000
1719   25    59    -1    -1    0   1.00000000
1720   28    59    -1    -1    0   0.02500000
1721   28    62    -1    -1    0   1.00000000
1722   8    51    -1    -1    1   0.02500000
1723   13    51    -1    -1    1   0.01870000
1724   28    51    -1    -1    1   0.01870000
1725   0    47    -1    -1    -1   0.02500000
1726   0    59    -1    -1    -1   0.02500000
1727   0    62    -1    -1    -1   0.02500000
